<?xml version="1.0" encoding="UTF-8"?>
<!-- Generated by org.testng.reporters.JUnitReportReporter -->
<testsuite hostname="admin-PC" failures="0" tests="2" name="TestClass" time="19.613" errors="0" timestamp="2022-05-18T16:29:03 IST" skipped="0">
  <testcase classname="TestClass" name="checkResultCount" time="0.324"/>
  <system-out>
    <![CDATA[353
Result contains more than 70 characters:- The Lost World by Arthur Conan Doyle: A Classic illustrated Edition]]>
  </system-out>
  <testcase classname="TestClass" name="englishResult" time="19.289"/>
  <system-out>
    <![CDATA[334
Result contains more than 70 characters:- The Lost World by Arthur Conan Doyle: A Classic illustrated Edition]]>
  </system-out>
</testsuite> <!-- TestClass -->
